<?xml version="1.0" encoding="UTF-8"?>
<testng-results ignored="0" total="1" passed="1" failed="0" skipped="0">
  <reporter-output>
  </reporter-output>
  <suite started-at="2022-02-25T06:49:40Z" name="Default suite" finished-at="2022-02-25T06:49:49Z" duration-ms="9125">
    <groups>
    </groups>
    <test started-at="2022-02-25T06:49:40Z" name="Default test" finished-at="2022-02-25T06:49:49Z" duration-ms="9125">
      <class name="com.example.NavigationTest">
        <test-method is-config="true" signature="beforeMethod()[pri:0, instance:com.example.NavigationTest@71a8adcf]" started-at="2022-02-25T15:49:40Z" name="beforeMethod" finished-at="2022-02-25T15:49:42Z" duration-ms="2195" status="PASS">
          <reporter-output>
          </reporter-output>
        </test-method> <!-- beforeMethod -->
        <test-method signature="navigateToAUrl()[pri:0, instance:com.example.NavigationTest@71a8adcf]" started-at="2022-02-25T15:49:42Z" name="navigateToAUrl" finished-at="2022-02-25T15:49:49Z" duration-ms="6786" status="PASS">
          <reporter-output>
          </reporter-output>
        </test-method> <!-- navigateToAUrl -->
        <test-method is-config="true" signature="afterMethod()[pri:0, instance:com.example.NavigationTest@71a8adcf]" started-at="2022-02-25T15:49:49Z" name="afterMethod" finished-at="2022-02-25T15:49:49Z" duration-ms="119" status="PASS">
          <reporter-output>
          </reporter-output>
        </test-method> <!-- afterMethod -->
      </class> <!-- com.example.NavigationTest -->
    </test> <!-- Default test -->
  </suite> <!-- Default suite -->
</testng-results>
